[ERROR][2018/01/31 17:19:51373][quark.jautor.core.LocateBaseNode.exec(LocateBaseNode.java:119)]
元素【baidu首页-搜索关键字】定位成功
[ERROR][2018/01/31 17:19:51466][quark.jautor.core.LocateBaseNode.exec(LocateBaseNode.java:119)]
元素【baidu首页-搜索按钮】定位成功
[ERROR][2018/01/31 17:19:53264][quark.jautor.core.LocateBaseNode.exec(LocateBaseNode.java:119)]
元素【sogou首页-搜索关键字】定位成功
[ERROR][2018/01/31 17:19:53330][quark.jautor.core.LocateBaseNode.exec(LocateBaseNode.java:119)]
元素【sogou首页-搜索按钮】定位成功
[ERROR][2018/01/31 17:20:07288][quark.jautor.core.LocateBaseNode.exec(LocateBaseNode.java:119)]
元素【baidu首页-搜索关键字】定位成功
[ERROR][2018/01/31 17:20:07367][quark.jautor.core.LocateBaseNode.exec(LocateBaseNode.java:119)]
元素【baidu首页-搜索按钮】定位成功
[ERROR][2018/01/31 17:20:07772][quark.jautor.core.LocateBaseNode.exec(LocateBaseNode.java:119)]
元素【sogou首页-搜索关键字】定位成功
[ERROR][2018/01/31 17:20:07832][quark.jautor.core.LocateBaseNode.exec(LocateBaseNode.java:119)]
元素【sogou首页-搜索按钮】定位成功
[ERROR][2018/01/31 17:20:18462][quark.jautor.core.LocateBaseNode.exec(LocateBaseNode.java:119)]
元素【baidu首页-搜索关键字】定位成功
[ERROR][2018/01/31 17:20:18466][quark.jautor.core.LocateBaseNode.exec(LocateBaseNode.java:119)]
元素【sogou首页-搜索关键字】定位成功
[ERROR][2018/01/31 17:20:18553][quark.jautor.core.LocateBaseNode.exec(LocateBaseNode.java:119)]
元素【sogou首页-搜索按钮】定位成功
[ERROR][2018/01/31 17:20:18586][quark.jautor.core.LocateBaseNode.exec(LocateBaseNode.java:119)]
元素【baidu首页-搜索按钮】定位成功
[ERROR][2018/01/31 17:21:10944][quark.jautor.core.LocateBaseNode.exec(LocateBaseNode.java:119)]
元素【sogou首页-搜索关键字】定位成功
[ERROR][2018/01/31 17:21:1114 ][quark.jautor.core.LocateBaseNode.exec(LocateBaseNode.java:119)]
元素【sogou首页-搜索按钮】定位成功
[ERROR][2018/01/31 17:21:1143 ][quark.jautor.core.LocateBaseNode.exec(LocateBaseNode.java:119)]
元素【baidu首页-搜索关键字】定位成功
[ERROR][2018/01/31 17:21:11165][quark.jautor.core.LocateBaseNode.exec(LocateBaseNode.java:119)]
元素【baidu首页-搜索按钮】定位成功
[ERROR][2018/01/31 17:21:21462][quark.jautor.core.LocateBaseNode.exec(LocateBaseNode.java:119)]
元素【sogou首页-搜索关键字】定位成功
[ERROR][2018/01/31 17:21:21533][quark.jautor.core.LocateBaseNode.exec(LocateBaseNode.java:119)]
元素【sogou首页-搜索按钮】定位成功
[ERROR][2018/01/31 17:21:21536][quark.jautor.core.LocateBaseNode.exec(LocateBaseNode.java:119)]
元素【baidu首页-搜索关键字】定位成功
[ERROR][2018/01/31 17:21:21637][quark.jautor.core.LocateBaseNode.exec(LocateBaseNode.java:119)]
元素【baidu首页-搜索按钮】定位成功
[ERROR][2018/01/31 17:21:32658][quark.jautor.core.LocateBaseNode.exec(LocateBaseNode.java:119)]
元素【baidu首页-搜索关键字】定位成功
[ERROR][2018/01/31 17:21:32750][quark.jautor.core.LocateBaseNode.exec(LocateBaseNode.java:119)]
元素【baidu首页-搜索按钮】定位成功
[ERROR][2018/01/31 17:21:32781][quark.jautor.core.LocateBaseNode.exec(LocateBaseNode.java:119)]
元素【sogou首页-搜索关键字】定位成功
[ERROR][2018/01/31 17:21:32876][quark.jautor.core.LocateBaseNode.exec(LocateBaseNode.java:119)]
元素【sogou首页-搜索按钮】定位成功
[ERROR][2018/01/31 17:54:03733][quark.jautor.core.LocateBaseNode.exec(LocateBaseNode.java:119)]
元素【sogou首页-搜索关键字】定位成功
[ERROR][2018/01/31 17:54:03808][quark.jautor.core.LocateBaseNode.exec(LocateBaseNode.java:119)]
元素【sogou首页-搜索按钮】定位成功
[ERROR][2018/01/31 17:54:03978][quark.jautor.core.LocateBaseNode.exec(LocateBaseNode.java:119)]
元素【baidu首页-搜索关键字】定位成功
[ERROR][2018/01/31 17:54:0472 ][quark.jautor.core.LocateBaseNode.exec(LocateBaseNode.java:119)]
元素【baidu首页-搜索按钮】定位成功
[ERROR][2018/01/31 17:54:13632][quark.jautor.core.LocateBaseNode.exec(LocateBaseNode.java:119)]
元素【baidu首页-搜索关键字】定位成功
[ERROR][2018/01/31 17:54:13717][quark.jautor.core.LocateBaseNode.exec(LocateBaseNode.java:119)]
元素【sogou首页-搜索关键字】定位成功
[ERROR][2018/01/31 17:54:13731][quark.jautor.core.LocateBaseNode.exec(LocateBaseNode.java:119)]
元素【baidu首页-搜索按钮】定位成功
[ERROR][2018/01/31 17:54:13778][quark.jautor.core.LocateBaseNode.exec(LocateBaseNode.java:119)]
元素【sogou首页-搜索按钮】定位成功
[ERROR][2018/01/31 17:54:22542][quark.jautor.core.LocateBaseNode.exec(LocateBaseNode.java:119)]
元素【baidu首页-搜索关键字】定位成功
[ERROR][2018/01/31 17:54:22653][quark.jautor.core.LocateBaseNode.exec(LocateBaseNode.java:119)]
元素【sogou首页-搜索关键字】定位成功
[ERROR][2018/01/31 17:54:22656][quark.jautor.core.LocateBaseNode.exec(LocateBaseNode.java:119)]
元素【baidu首页-搜索按钮】定位成功
[ERROR][2018/01/31 17:54:22736][quark.jautor.core.LocateBaseNode.exec(LocateBaseNode.java:119)]
元素【sogou首页-搜索按钮】定位成功
[ERROR][2018/01/31 17:59:2756 ][quark.jautor.core.LocateBaseNode.exec(LocateBaseNode.java:119)]
元素【sogou首页-搜索关键字】定位成功
[ERROR][2018/01/31 17:59:27124][quark.jautor.core.LocateBaseNode.exec(LocateBaseNode.java:119)]
元素【sogou首页-搜索按钮】定位成功
[ERROR][2018/01/31 17:59:27148][quark.jautor.core.LocateBaseNode.exec(LocateBaseNode.java:119)]
元素【baidu首页-搜索关键字】定位成功
[ERROR][2018/01/31 17:59:27276][quark.jautor.core.LocateBaseNode.exec(LocateBaseNode.java:119)]
元素【baidu首页-搜索按钮】定位成功
[ERROR][2018/01/31 17:59:33733][quark.jautor.core.LocateBaseNode.exec(LocateBaseNode.java:119)]
元素【baidu首页-搜索关键字】定位成功
[ERROR][2018/01/31 17:59:33828][quark.jautor.core.LocateBaseNode.exec(LocateBaseNode.java:119)]
元素【baidu首页-搜索按钮】定位成功
[ERROR][2018/01/31 17:59:40724][quark.jautor.core.LocateBaseNode.exec(LocateBaseNode.java:119)]
元素【baidu首页-搜索关键字】定位成功
[ERROR][2018/01/31 17:59:40831][quark.jautor.core.LocateBaseNode.exec(LocateBaseNode.java:119)]
元素【baidu首页-搜索按钮】定位成功
[ERROR][2018/01/31 17:59:53266][quark.jautor.core.LocateBaseNode.exec(LocateBaseNode.java:119)]
元素【sogou首页-搜索关键字】定位成功
[ERROR][2018/01/31 17:59:53323][quark.jautor.core.LocateBaseNode.exec(LocateBaseNode.java:119)]
元素【sogou首页-搜索按钮】定位成功
[ERROR][2018/01/31 18:00:20756][quark.jautor.core.LocateBaseNode.exec(LocateBaseNode.java:119)]
元素【sogou首页-搜索关键字】定位成功
[ERROR][2018/01/31 18:00:20826][quark.jautor.core.LocateBaseNode.exec(LocateBaseNode.java:119)]
元素【sogou首页-搜索按钮】定位成功
[ERROR][2018/01/31 18:02:31529][quark.jautor.core.LocateBaseNode.exec(LocateBaseNode.java:119)]
元素【sogou首页-搜索关键字】定位成功
[ERROR][2018/01/31 18:02:31596][quark.jautor.core.LocateBaseNode.exec(LocateBaseNode.java:119)]
元素【sogou首页-搜索按钮】定位成功
[ERROR][2018/01/31 18:02:31597][quark.jautor.core.LocateBaseNode.exec(LocateBaseNode.java:119)]
元素【baidu首页-搜索关键字】定位成功
[ERROR][2018/01/31 18:02:31710][quark.jautor.core.LocateBaseNode.exec(LocateBaseNode.java:119)]
元素【baidu首页-搜索按钮】定位成功
[ERROR][2018/01/31 18:02:3871 ][quark.jautor.core.LocateBaseNode.exec(LocateBaseNode.java:119)]
元素【baidu首页-搜索关键字】定位成功
[ERROR][2018/01/31 18:02:38179][quark.jautor.core.LocateBaseNode.exec(LocateBaseNode.java:119)]
元素【baidu首页-搜索按钮】定位成功
[ERROR][2018/01/31 18:02:44261][quark.jautor.core.LocateBaseNode.exec(LocateBaseNode.java:119)]
元素【baidu首页-搜索关键字】定位成功
[ERROR][2018/01/31 18:02:44372][quark.jautor.core.LocateBaseNode.exec(LocateBaseNode.java:119)]
元素【baidu首页-搜索按钮】定位成功
[ERROR][2018/01/31 18:02:5842 ][quark.jautor.core.LocateBaseNode.exec(LocateBaseNode.java:119)]
元素【sogou首页-搜索关键字】定位成功
[ERROR][2018/01/31 18:02:58108][quark.jautor.core.LocateBaseNode.exec(LocateBaseNode.java:119)]
元素【sogou首页-搜索按钮】定位成功
[ERROR][2018/01/31 18:03:28921][quark.jautor.core.LocateBaseNode.exec(LocateBaseNode.java:119)]
元素【sogou首页-搜索关键字】定位成功
[ERROR][2018/01/31 18:03:28996][quark.jautor.core.LocateBaseNode.exec(LocateBaseNode.java:119)]
元素【sogou首页-搜索按钮】定位成功
