[ERROR][2018/02/08 13:20:0320 ][quark.jautor.core.LocateBaseNode.exec(LocateBaseNode.java:119)]
元素【sogou首页-搜索关键字】定位成功
[ERROR][2018/02/08 13:20:0380 ][quark.jautor.core.LocateBaseNode.exec(LocateBaseNode.java:119)]
元素【baidu首页-搜索关键字】定位成功
[ERROR][2018/02/08 13:20:03413][quark.jautor.core.LocateBaseNode.exec(LocateBaseNode.java:119)]
元素【sogou首页-搜索按钮】定位成功
[ERROR][2018/02/08 13:20:03472][quark.jautor.core.LocateBaseNode.exec(LocateBaseNode.java:119)]
元素【baidu首页-搜索按钮】定位成功
[ERROR][2018/02/08 13:20:09875][quark.jautor.core.LocateBaseNode.exec(LocateBaseNode.java:119)]
元素【baidu首页-搜索关键字】定位成功
[ERROR][2018/02/08 13:20:10157][quark.jautor.core.LocateBaseNode.exec(LocateBaseNode.java:119)]
元素【baidu首页-搜索按钮】定位成功
[ERROR][2018/02/08 13:20:20744][quark.jautor.core.LocateBaseNode.exec(LocateBaseNode.java:119)]
元素【baidu首页-搜索关键字】定位成功
[ERROR][2018/02/08 13:20:2115 ][quark.jautor.core.LocateBaseNode.exec(LocateBaseNode.java:119)]
元素【baidu首页-搜索按钮】定位成功
[ERROR][2018/02/08 13:20:28342][quark.jautor.core.LocateBaseNode.exec(LocateBaseNode.java:119)]
元素【sogou首页-搜索关键字】定位成功
[ERROR][2018/02/08 13:20:28652][quark.jautor.core.LocateBaseNode.exec(LocateBaseNode.java:119)]
元素【sogou首页-搜索按钮】定位成功
[ERROR][2018/02/08 13:20:55611][quark.jautor.core.LocateBaseNode.exec(LocateBaseNode.java:119)]
元素【sogou首页-搜索关键字】定位成功
[ERROR][2018/02/08 13:20:55939][quark.jautor.core.LocateBaseNode.exec(LocateBaseNode.java:119)]
元素【sogou首页-搜索按钮】定位成功
